/store/sanger/ngsqc/bamcheck/bamcheck_2013dec25_ratios_out/(13455 files)
[WARN] bases-trimmed parameter has NIL variance (with mean 0.00)
       Was it read correctly? Perhaps consider removing it from your data.
[WARN] filtered-sequences parameter has NIL variance (with mean 0.00)
       Was it read correctly? Perhaps consider removing it from your data.
[WARN] is-paired parameter has NIL variance (with mean 1.00)
       Was it read correctly? Perhaps consider removing it from your data.
[WARN] is-sorted parameter has NIL variance (with mean 1.00)
       Was it read correctly? Perhaps consider removing it from your data.
[WARN] maximum-length parameter has NIL variance (with mean 100.00)
       Was it read correctly? Perhaps consider removing it from your data.
[WARN] non-primary-alignments parameter has NIL variance (with mean 0.00)
       Was it read correctly? Perhaps consider removing it from your data.
[WARN] quality-dropoff-high-iqr-threshold parameter has NIL variance (with mean 10.00)
       Was it read correctly? Perhaps consider removing it from your data.
[WARN] quality-dropoff-ignore-edge-cycles parameter has NIL variance (with mean 3.00)
       Was it read correctly? Perhaps consider removing it from your data.
[WARN] quality-dropoff-runmed-k parameter has NIL variance (with mean 25.00)
       Was it read correctly? Perhaps consider removing it from your data.

[WARN] Magnitude of variance ranges from -5 to 18 (difference tolerance is ±1).
       Consider normalising or removing some parameters from your data.
[    ] #	Name                                       -10   -5    0    5    10
[    ]  	                                             ^    ^    ^    ^    ^
[    ] 32	                              error-rate          *
[    ] 16	           G-percent-mean-above-baseline              *
[    ] 22	           T-percent-mean-above-baseline              *
[    ] 12	 C-percent-total-mean-baseline-deviation              *
[    ] 11	           C-percent-mean-below-baseline              *
[    ] 10	           C-percent-mean-above-baseline              *
[    ] 17	           G-percent-mean-below-baseline              *
[    ] 23	           T-percent-mean-below-baseline              *
[    ] 6	 A-percent-total-mean-baseline-deviation              *
[    ] 5	           A-percent-mean-below-baseline              *
[    ] 4	           A-percent-mean-above-baseline              *
[    ] 25	                          average-length              *
[    ] 18	 G-percent-total-mean-baseline-deviation              *
[    ] 38	                             indel-ratio               *
[    ] 37	   fwd-percent-insertions-below-baseline               *
[    ] 35	    fwd-percent-deletions-below-baseline               *
[    ] 80	    rev-percent-deletions-above-baseline               *
[    ] 34	    fwd-percent-deletions-above-baseline               *
[    ] 54	quality-dropoff-fwd-high-iqr-max-contigu               *
[    ] 57	quality-dropoff-fwd-mean-runmed-decline-               *
[    ] 67	quality-dropoff-rev-mean-runmed-decline-               *
[    ] 45	              max-max-baseline-deviation               *
[    ] 46	       max-total-mean-baseline-deviation               *
[    ] 36	   fwd-percent-insertions-above-baseline               *
[    ] 31	                  duplicate-mapped-ratio               *
[    ] 14	        G-percent-max-baseline-deviation               *
[    ] 15	            G-percent-max-below-baseline               *
[    ] 19	            T-percent-max-above-baseline               *
[    ] 9	            C-percent-max-below-baseline               *
[    ] 20	        T-percent-max-baseline-deviation               *
[    ] 8	        C-percent-max-baseline-deviation               *
[    ] 13	            G-percent-max-above-baseline               *
[    ] 21	            T-percent-max-below-baseline               *
[    ] 7	            C-percent-max-above-baseline               *
[    ] 24	 T-percent-total-mean-baseline-deviation               *
[    ] 26	                         average-quality               *
[    ] 1	            A-percent-max-above-baseline               *
[    ] 83	   rev-percent-insertions-below-baseline               *
[    ] 3	            A-percent-max-below-baseline               *
[    ] 81	    rev-percent-deletions-below-baseline               *
[    ] 2	        A-percent-max-baseline-deviation               *
[    ] 58	quality-dropoff-fwd-mean-runmed-decline-                *
[    ] 68	quality-dropoff-rev-mean-runmed-decline-                *
[    ] 64	quality-dropoff-rev-high-iqr-max-contigu                *
[    ] 82	   rev-percent-insertions-above-baseline                *
[    ] 53	quality-dropoff-fwd-high-iqr-end-read-cy                 *
[    ] 69	quality-dropoff-rev-mean-runmed-decline-                 *
[    ] 55	quality-dropoff-fwd-high-iqr-start-read-                 *
[    ] 56	quality-dropoff-fwd-mean-runmed-decline-                 *
[    ] 70	quality-dropoff-rev-mean-runmed-decline-                 *
[    ] 59	quality-dropoff-fwd-mean-runmed-decline-                 *
[    ] 60	quality-dropoff-fwd-mean-runmed-decline-                 *
[    ] 66	quality-dropoff-rev-mean-runmed-decline-                 *
[    ] 39	                     insert-size-average                  *
[    ] 63	quality-dropoff-rev-high-iqr-end-read-cy                  *
[    ] 65	quality-dropoff-rev-high-iqr-start-read-                  *
[    ] 40	          insert-size-standard-deviation                    *
[    ] 52	            pairs-with-other-orientation                        *
[    ] 50	                  outward-oriented-pairs                        *
[    ] 74	                         reads-QC-failed                        *
[    ] 51	          pairs-on-different-chromosomes                         *
[    ] 75	                        reads-duplicated                          +
[    ] 78	                          reads-unmapped                          +
[    ] 79	                          reads-unpaired                          +
[    ] 73	                               reads-MQ0                          +
[    ] 0	                           1st-fragments                          +
[    ] 44	                          last-fragments                          +
[    ] 41	                   inward-oriented-pairs                          +
[    ] 48	                              mismatches                          +
[    ] 76	                            reads-mapped                          +
[    ] 77	                            reads-paired                          +
[    ] 84	                               sequences                          +
[    ] 72	                     raw-total-sequences                          +
[    ] 27	                        bases-duplicated                          +
[    ] 29	                    bases-mapped-(cigar)                          +
[    ] 28	                            bases-mapped                          +
[    ] 85	                            total-length                          +
[DATA] 10696 samples
[DATA] [-1, 1] levels
[DATA] Samples by Level [('fail', 1542), ('pass', 9154), ('warn', 0)]

[FRST] Constructing Forest#1

[    ] µImp.	σp.Imp.	Name
[PARM] 0.1402	0.1639	error-rate
[PARM] 0.1236	0.1255	rev-percent-insertions-above-baseline
[PARM] 0.1118	0.1376	max-max-baseline-deviation
[PARM] 0.0959	0.0300	duplicate-mapped-ratio
[PARM] 0.0938	0.1011	fwd-percent-insertions-above-baseline
[PARM] 0.0795	0.1143	max-total-mean-baseline-deviation
[PARM] 0.0648	0.0851	quality-dropoff-rev-mean-runmed-decline-range
[PARM] 0.0573	0.0854	percent-bases-mapped
[PARM] 0.0422	0.0587	quality-dropoff-fwd-mean-runmed-decline-range
[PARM] 0.0383	0.0695	rev-percent-deletions-above-baseline
[TREE] Fitting Tree#1
[TREE] CV 0.99

[FRST] Constructing Forest#2

[    ] µImp.	σp.Imp.	Name
[PARM] 0.1409	0.1635	error-rate
[PARM] 0.1265	0.1273	rev-percent-insertions-above-baseline
[PARM] 0.1033	0.1337	max-max-baseline-deviation
[PARM] 0.1000	0.0326	duplicate-mapped-ratio
[PARM] 0.0906	0.0972	fwd-percent-insertions-above-baseline
[PARM] 0.0777	0.1125	max-total-mean-baseline-deviation
[PARM] 0.0687	0.0884	quality-dropoff-rev-mean-runmed-decline-range
[PARM] 0.0562	0.0845	percent-bases-mapped
[PARM] 0.0451	0.0591	quality-dropoff-fwd-mean-runmed-decline-range
[PARM] 0.0389	0.0709	rev-percent-deletions-above-baseline
[TREE] Fitting Tree#2
[TREE] CV 0.99

[FRST] Constructing Forest#3

[    ] µImp.	σp.Imp.	Name
[PARM] 0.1405	0.1621	error-rate
[PARM] 0.1207	0.1254	rev-percent-insertions-above-baseline
[PARM] 0.1090	0.1374	max-max-baseline-deviation
[PARM] 0.0963	0.0299	duplicate-mapped-ratio
[PARM] 0.0898	0.0984	fwd-percent-insertions-above-baseline
[PARM] 0.0797	0.1142	max-total-mean-baseline-deviation
[PARM] 0.0649	0.0854	quality-dropoff-rev-mean-runmed-decline-range
[PARM] 0.0590	0.0869	percent-bases-mapped
[PARM] 0.0447	0.0594	quality-dropoff-fwd-mean-runmed-decline-range
[PARM] 0.0410	0.0722	rev-percent-deletions-above-baseline
[TREE] Fitting Tree#3
[TREE] CV 0.99

[FRST] Constructing Forest#4

[    ] µImp.	σp.Imp.	Name
[PARM] 0.1404	0.1615	error-rate
[PARM] 0.1290	0.1299	rev-percent-insertions-above-baseline
[PARM] 0.1091	0.1381	max-max-baseline-deviation
[PARM] 0.0943	0.1006	fwd-percent-insertions-above-baseline
[PARM] 0.0915	0.0294	duplicate-mapped-ratio
[PARM] 0.0809	0.1164	max-total-mean-baseline-deviation
[PARM] 0.0601	0.0823	quality-dropoff-rev-mean-runmed-decline-range
[PARM] 0.0592	0.0869	percent-bases-mapped
[PARM] 0.0423	0.0556	quality-dropoff-fwd-mean-runmed-decline-range
[PARM] 0.0396	0.0728	rev-percent-deletions-above-baseline
[TREE] Fitting Tree#4
[TREE] CV 0.99

[FRST] Constructing Forest#5

[    ] µImp.	σp.Imp.	Name
[PARM] 0.1340	0.1583	error-rate
[PARM] 0.1238	0.1254	rev-percent-insertions-above-baseline
[PARM] 0.1109	0.1391	max-max-baseline-deviation
[PARM] 0.0974	0.0299	duplicate-mapped-ratio
[PARM] 0.0912	0.0992	fwd-percent-insertions-above-baseline
[PARM] 0.0786	0.1154	max-total-mean-baseline-deviation
[PARM] 0.0594	0.0782	quality-dropoff-rev-mean-runmed-decline-range
[PARM] 0.0594	0.0871	percent-bases-mapped
[PARM] 0.0468	0.0591	quality-dropoff-fwd-mean-runmed-decline-range
[PARM] 0.0404	0.0744	rev-percent-deletions-above-baseline
[TREE] Fitting Tree#5
[TREE] CV 1.00

[FRST] Constructing Forest#6

[    ] µImp.	σp.Imp.	Name
[PARM] 0.1364	0.1619	error-rate
[PARM] 0.1234	0.1294	rev-percent-insertions-above-baseline
[PARM] 0.1089	0.1373	max-max-baseline-deviation
[PARM] 0.0960	0.0303	duplicate-mapped-ratio
[PARM] 0.0934	0.0968	fwd-percent-insertions-above-baseline
[PARM] 0.0772	0.1147	max-total-mean-baseline-deviation
[PARM] 0.0643	0.0848	quality-dropoff-rev-mean-runmed-decline-range
[PARM] 0.0570	0.0856	percent-bases-mapped
[PARM] 0.0475	0.0598	quality-dropoff-fwd-mean-runmed-decline-range
[PARM] 0.0437	0.0784	rev-percent-deletions-above-baseline
[TREE] Fitting Tree#6
[TREE] CV 0.99

[FRST] Constructing Forest#7

[    ] µImp.	σp.Imp.	Name
[PARM] 0.1372	0.1604	error-rate
[PARM] 0.1288	0.1254	rev-percent-insertions-above-baseline
[PARM] 0.1086	0.1377	max-max-baseline-deviation
[PARM] 0.0945	0.0293	duplicate-mapped-ratio
[PARM] 0.0936	0.0978	fwd-percent-insertions-above-baseline
[PARM] 0.0800	0.1172	max-total-mean-baseline-deviation
[PARM] 0.0631	0.0820	quality-dropoff-rev-mean-runmed-decline-range
[PARM] 0.0587	0.0882	percent-bases-mapped
[PARM] 0.0445	0.0594	quality-dropoff-fwd-mean-runmed-decline-range
[PARM] 0.0426	0.0757	rev-percent-deletions-above-baseline
[TREE] Fitting Tree#7
[TREE] CV 0.99

[FRST] Constructing Forest#8

[    ] µImp.	σp.Imp.	Name
[PARM] 0.1402	0.1627	error-rate
[PARM] 0.1265	0.1290	rev-percent-insertions-above-baseline
[PARM] 0.1072	0.1389	max-max-baseline-deviation
[PARM] 0.0968	0.0316	duplicate-mapped-ratio
[PARM] 0.0932	0.0996	fwd-percent-insertions-above-baseline
[PARM] 0.0795	0.1156	max-total-mean-baseline-deviation
[PARM] 0.0586	0.0826	quality-dropoff-rev-mean-runmed-decline-range
[PARM] 0.0580	0.0868	percent-bases-mapped
[PARM] 0.0447	0.0586	quality-dropoff-fwd-mean-runmed-decline-range
[PARM] 0.0413	0.0767	rev-percent-deletions-above-baseline
[TREE] Fitting Tree#8
[TREE] CV 0.99

[FRST] Constructing Forest#9

[    ] µImp.	σp.Imp.	Name
[PARM] 0.1413	0.1629	error-rate
[PARM] 0.1219	0.1235	rev-percent-insertions-above-baseline
[PARM] 0.1098	0.1406	max-max-baseline-deviation
[PARM] 0.0933	0.1001	fwd-percent-insertions-above-baseline
[PARM] 0.0923	0.0295	duplicate-mapped-ratio
[PARM] 0.0821	0.1170	max-total-mean-baseline-deviation
[PARM] 0.0614	0.0833	quality-dropoff-rev-mean-runmed-decline-range
[PARM] 0.0599	0.0893	percent-bases-mapped
[PARM] 0.0443	0.0603	quality-dropoff-fwd-mean-runmed-decline-range
[PARM] 0.0418	0.0740	rev-percent-deletions-above-baseline
[TREE] Fitting Tree#9
[TREE] CV 0.99

[FRST] Constructing Forest#10

[    ] µImp.	σp.Imp.	Name
[PARM] 0.1389	0.1572	error-rate
[PARM] 0.1246	0.1236	rev-percent-insertions-above-baseline
[PARM] 0.1063	0.1358	max-max-baseline-deviation
[PARM] 0.0973	0.0303	duplicate-mapped-ratio
[PARM] 0.0944	0.0995	fwd-percent-insertions-above-baseline
[PARM] 0.0787	0.1132	max-total-mean-baseline-deviation
[PARM] 0.0629	0.0810	quality-dropoff-rev-mean-runmed-decline-range
[PARM] 0.0591	0.0872	percent-bases-mapped
[PARM] 0.0437	0.0599	quality-dropoff-fwd-mean-runmed-decline-range
[PARM] 0.0414	0.0726	rev-percent-deletions-above-baseline
[TREE] Fitting Tree#10
[TREE] CV 0.99

[ENSM] Average Single Tree CV 0.99

[    ] #Used	µImp.	σp.Imp.	Name
[PARM] 10	0.1390	0.1614	error-rate
[PARM] 10	0.1249	0.1264	rev-percent-insertions-above-baseline
[PARM] 10	0.1085	0.1376	max-max-baseline-deviation
[PARM] 10	0.0958	0.0303	duplicate-mapped-ratio
[PARM] 10	0.0928	0.0990	fwd-percent-insertions-above-baseline
[PARM] 10	0.0794	0.1150	max-total-mean-baseline-deviation
[PARM] 10	0.0628	0.0833	quality-dropoff-rev-mean-runmed-decline-range
[PARM] 10	0.0584	0.0868	percent-bases-mapped
[PARM] 10	0.0446	0.0590	quality-dropoff-fwd-mean-runmed-decline-range
[PARM] 10	0.0409	0.0737	rev-percent-deletions-above-baseline
[    ] Sorted on Average Importance (µImp).

[TREE] Fit parameter union tree
[TREE] CV 0.99
Fontconfig warning: "/etc/fonts/conf.d/50-user.conf", line 14: reading configurations from ~/.fonts.conf is deprecated.

